Using pre-set license
Built from '2020.3/staging' branch; Version is '2020.3.11f1 (99c7afb366b3) revision 10078127'; Using compiler version '192528614'; Build Type 'Release'
OS: 'Windows 10 Home Single Language; OS build 19042.1110; Version 2009; 64bit' Language: 'en' Physical Memory: 8072 MB
BatchMode: 1, IsHumanControllingUs: 0, StartBugReporterOnCrash: 0, Is64bit: 1, IsPro: 0

 COMMAND LINE ARGUMENTS:
C:\Program Files\Unity\Hub\Editor\2020.3.11f1\Editor\Unity.exe
-adb2
-batchMode
-noUpm
-name
AssetImportWorker8
-projectPath
C:/Users/Ruchika Bhattacharje/Desktop/AR Project
-logFile
Logs/AssetImportWorker8.log
-srvPort
58116
Successfully changed project path to: C:/Users/Ruchika Bhattacharje/Desktop/AR Project
C:/Users/Ruchika Bhattacharje/Desktop/AR Project
Using Asset Import Pipeline V2.
Refreshing native plugins compatible for Editor in 94.78 ms, found 2 plugins.
Preloading 0 native plugins for Editor in 0.00 ms.
Initialize engine version: 2020.3.11f1 (99c7afb366b3)
[Subsystems] Discovering subsystems at path C:/Program Files/Unity/Hub/Editor/2020.3.11f1/Editor/Data/Resources/UnitySubsystems
[Subsystems] Discovering subsystems at path C:/Users/Ruchika Bhattacharje/Desktop/AR Project/Assets
GfxDevice: creating device client; threaded=0
Direct3D:
    Version:  Direct3D 11.0 [level 11.1]
    Renderer: NVIDIA GeForce GTX 1650 (ID=0x1f91)
    Vendor:   
    VRAM:     3962 MB
    Driver:   27.21.14.5749
Shader 'Universal Render Pipeline/Particles/Lit': fallback shader 'Universal Render Pipeline/Particles/SimpleLit' not found
Initialize mono
Mono path[0] = 'C:/Program Files/Unity/Hub/Editor/2020.3.11f1/Editor/Data/Managed'
Mono path[1] = 'C:/Program Files/Unity/Hub/Editor/2020.3.11f1/Editor/Data/MonoBleedingEdge/lib/mono/unityjit'
Mono config path = 'C:/Program Files/Unity/Hub/Editor/2020.3.11f1/Editor/Data/MonoBleedingEdge/etc'
Using monoOptions --debugger-agent=transport=dt_socket,embedding=1,server=y,suspend=n,address=127.0.0.1:56660
Begin MonoManager ReloadAssembly
Registering precompiled unity dll's ...
Register platform support module: C:/Program Files/Unity/Hub/Editor/2020.3.11f1/Editor/Data/PlaybackEngines/WebGLSupport/UnityEditor.WebGL.Extensions.dll
Register platform support module: C:/Program Files/Unity/Hub/Editor/2020.3.11f1/Editor/Data/PlaybackEngines/WindowsStandaloneSupport/UnityEditor.WindowsStandalone.Extensions.dll
Registered in 0.002884 seconds.
Native extension for WindowsStandalone target not found
Native extension for WebGL target not found
Refreshing native plugins compatible for Editor in 89.52 ms, found 2 plugins.
Preloading 0 native plugins for Editor in 0.00 ms.
Mono: successfully reloaded assembly
- Completed reload, in  2.286 seconds
Platform modules already initialized, skipping
Registering precompiled user dll's ...
Registered in 0.009225 seconds.
Begin MonoManager ReloadAssembly
Native extension for WindowsStandalone target not found
Native extension for WebGL target not found
Refreshing native plugins compatible for Editor in 81.18 ms, found 2 plugins.
Preloading 0 native plugins for Editor in 0.00 ms.
Mono: successfully reloaded assembly
- Completed reload, in  7.241 seconds
Platform modules already initialized, skipping
========================================================================
Worker process is ready to serve import requests
Shader 'Universal Render Pipeline/Particles/Lit': fallback shader 'Universal Render Pipeline/Particles/SimpleLit' not found
Launched and connected shader compiler UnityShaderCompiler.exe after 0.23 seconds
Refreshing native plugins compatible for Editor in 0.99 ms, found 2 plugins.
Preloading 0 native plugins for Editor in 0.00 ms.
Unloading 4420 Unused Serialized files (Serialized files now loaded: 0)
System memory in use before: 174.6 MB.
System memory in use after: 174.8 MB.

Unloading 67 unused Assets to reduce memory usage. Loaded Objects now: 4831.
Total: 5.886400 ms (FindLiveObjects: 0.378200 ms CreateObjectMapping: 0.162700 ms MarkObjects: 5.250100 ms  DeleteObjects: 0.094300 ms)

========================================================================
Received Import Request.
  path: Assets/Prefab/AR Plane.prefab
  artifactKey: Guid(bed5ad38b15967e4b8d6ac5d9f02eaec) Importer(815301076,1909f56bfc062723c751e8b465ee728b)
Start importing Assets/Prefab/AR Plane.prefab using Guid(bed5ad38b15967e4b8d6ac5d9f02eaec) Importer(815301076,1909f56bfc062723c751e8b465ee728b)  -> (artifact id: '00da6c2ed1d63283628360ff1555414f') in 0.157073 seconds
  Import took 0.191049 seconds .

========================================================================
Received Import Request.
  Time since last request: 0.000318 seconds.
  path: Assets/planematerial.mat
  artifactKey: Guid(23e88b6492c78794da50c307f5e06bb0) Importer(815301076,1909f56bfc062723c751e8b465ee728b)
Start importing Assets/planematerial.mat using Guid(23e88b6492c78794da50c307f5e06bb0) Importer(815301076,1909f56bfc062723c751e8b465ee728b)  -> (artifact id: '2e0c90e4dc5146057d72aea7a37b1db3') in 1.123638 seconds
  Import took 1.226189 seconds .

========================================================================
Received Import Request.
  Time since last request: 35.055167 seconds.
  path: Assets/Prefab/DiningTableObject.prefab
  artifactKey: Guid(0f4538916d646d2459419f8071b8ea60) Importer(815301076,1909f56bfc062723c751e8b465ee728b)
Start importing Assets/Prefab/DiningTableObject.prefab using Guid(0f4538916d646d2459419f8071b8ea60) Importer(815301076,1909f56bfc062723c751e8b465ee728b)  -> (artifact id: '0a9e124970b721f7c29d2435c4765885') in 0.173898 seconds
  Import took 0.317084 seconds .

========================================================================
Received Import Request.
  Time since last request: 6.520916 seconds.
  path: Assets/Prefab/DiningTableObject.prefab
  artifactKey: Guid(0f4538916d646d2459419f8071b8ea60) Importer(815301076,1909f56bfc062723c751e8b465ee728b)
Start importing Assets/Prefab/DiningTableObject.prefab using Guid(0f4538916d646d2459419f8071b8ea60) Importer(815301076,1909f56bfc062723c751e8b465ee728b)  -> (artifact id: 'f329795c91fcda2e9f6c8a5ca27cff8a') in 0.059109 seconds
  Import took 0.114955 seconds .

========================================================================
Received Import Request.
  Time since last request: 5.109993 seconds.
  path: Assets/Prefab/DiningTableObject.prefab
  artifactKey: Guid(0f4538916d646d2459419f8071b8ea60) Importer(815301076,1909f56bfc062723c751e8b465ee728b)
Start importing Assets/Prefab/DiningTableObject.prefab using Guid(0f4538916d646d2459419f8071b8ea60) Importer(815301076,1909f56bfc062723c751e8b465ee728b)  -> (artifact id: '90553acf1dde78244b583c6592fc8499') in 0.072893 seconds
  Import took 0.153945 seconds .

========================================================================
Received Import Request.
  Time since last request: 2.616763 seconds.
  path: Assets/Prefab/DiningTableObject.prefab
  artifactKey: Guid(0f4538916d646d2459419f8071b8ea60) Importer(815301076,1909f56bfc062723c751e8b465ee728b)
Start importing Assets/Prefab/DiningTableObject.prefab using Guid(0f4538916d646d2459419f8071b8ea60) Importer(815301076,1909f56bfc062723c751e8b465ee728b)  -> (artifact id: 'd66fe56fda758847a0e6b7d0efa5ae46') in 0.063506 seconds
  Import took 0.098031 seconds .

========================================================================
Received Import Request.
  Time since last request: 31.384434 seconds.
  path: Assets/Prefab/DiningTableObject.prefab
  artifactKey: Guid(0f4538916d646d2459419f8071b8ea60) Importer(815301076,1909f56bfc062723c751e8b465ee728b)
Start importing Assets/Prefab/DiningTableObject.prefab using Guid(0f4538916d646d2459419f8071b8ea60) Importer(815301076,1909f56bfc062723c751e8b465ee728b)  -> (artifact id: '37b49e6da2ac42c046b1c603495867b8') in 0.062689 seconds
  Import took 0.139641 seconds .

========================================================================
Received Prepare
Shader 'Universal Render Pipeline/Particles/Lit': fallback shader 'Universal Render Pipeline/Particles/SimpleLit' not found
Refreshing native plugins compatible for Editor in 5446.13 ms, found 2 plugins.
Preloading 0 native plugins for Editor in 0.00 ms.
Unloading 53 Unused Serialized files (Serialized files now loaded: 0)
System memory in use before: 91.3 MB.
System memory in use after: 91.6 MB.

Unloading 52 unused Assets to reduce memory usage. Loaded Objects now: 4938.
Total: 7.358200 ms (FindLiveObjects: 0.391100 ms CreateObjectMapping: 0.173200 ms MarkObjects: 6.714200 ms  DeleteObjects: 0.078500 ms)

========================================================================
Received Import Request.
  Time since last request: 437.050525 seconds.
  path: Assets/Prefab/DiningTableObject.prefab
  artifactKey: Guid(0f4538916d646d2459419f8071b8ea60) Importer(815301076,1909f56bfc062723c751e8b465ee728b)
Start importing Assets/Prefab/DiningTableObject.prefab using Guid(0f4538916d646d2459419f8071b8ea60) Importer(815301076,1909f56bfc062723c751e8b465ee728b)  -> (artifact id: '74a8da52afb699b3daa706b01aa1dee7') in 0.260704 seconds
  Import took 0.315413 seconds .

========================================================================
Received Prepare
Shader 'Universal Render Pipeline/Particles/Lit': fallback shader 'Universal Render Pipeline/Particles/SimpleLit' not found
Refreshing native plugins compatible for Editor in 3985.00 ms, found 2 plugins.
Preloading 0 native plugins for Editor in 0.00 ms.
Unloading 52 Unused Serialized files (Serialized files now loaded: 0)
System memory in use before: 91.5 MB.
System memory in use after: 91.7 MB.

Unloading 52 unused Assets to reduce memory usage. Loaded Objects now: 4938.
Total: 28.810100 ms (FindLiveObjects: 1.937700 ms CreateObjectMapping: 1.256600 ms MarkObjects: 25.406500 ms  DeleteObjects: 0.205600 ms)

========================================================================
Received Import Request.
  Time since last request: 374.871327 seconds.
  path: Assets/Prefab/DiningTableObject.prefab
  artifactKey: Guid(0f4538916d646d2459419f8071b8ea60) Importer(815301076,1909f56bfc062723c751e8b465ee728b)
Start importing Assets/Prefab/DiningTableObject.prefab using Guid(0f4538916d646d2459419f8071b8ea60) Importer(815301076,1909f56bfc062723c751e8b465ee728b)  -> (artifact id: '2dcbd575a3a5130b190915097cffbe16') in 0.326635 seconds
  Import took 0.370439 seconds .

========================================================================
Received Import Request.
  Time since last request: 151.335585 seconds.
  path: Assets/Prefab/DiningTableObject.prefab
  artifactKey: Guid(0f4538916d646d2459419f8071b8ea60) Importer(815301076,1909f56bfc062723c751e8b465ee728b)
Start importing Assets/Prefab/DiningTableObject.prefab using Guid(0f4538916d646d2459419f8071b8ea60) Importer(815301076,1909f56bfc062723c751e8b465ee728b)  -> (artifact id: 'e8d905e864bcbcacebfdb692df8538b6') in 0.079632 seconds
  Import took 0.160285 seconds .

========================================================================
Received Prepare
Shader 'Universal Render Pipeline/Particles/Lit': fallback shader 'Universal Render Pipeline/Particles/SimpleLit' not found
Refreshing native plugins compatible for Editor in 1113.86 ms, found 2 plugins.
Preloading 0 native plugins for Editor in 0.00 ms.
Unloading 52 Unused Serialized files (Serialized files now loaded: 0)
System memory in use before: 91.5 MB.
System memory in use after: 91.7 MB.

Unloading 52 unused Assets to reduce memory usage. Loaded Objects now: 4938.
Total: 37.796800 ms (FindLiveObjects: 0.485300 ms CreateObjectMapping: 0.254900 ms MarkObjects: 36.972100 ms  DeleteObjects: 0.082800 ms)

========================================================================
Received Import Request.
  Time since last request: 213.575862 seconds.
  path: Assets/Prefab/DiningTableObject.prefab
  artifactKey: Guid(0f4538916d646d2459419f8071b8ea60) Importer(815301076,1909f56bfc062723c751e8b465ee728b)
Start importing Assets/Prefab/DiningTableObject.prefab using Guid(0f4538916d646d2459419f8071b8ea60) Importer(815301076,1909f56bfc062723c751e8b465ee728b)  -> (artifact id: 'a153a5b6b607cc54a4f55e1ba1f69aa5') in 0.320810 seconds
  Import took 0.362812 seconds .

========================================================================
Received Prepare
Shader 'Universal Render Pipeline/Particles/Lit': fallback shader 'Universal Render Pipeline/Particles/SimpleLit' not found
Refreshing native plugins compatible for Editor in 20.16 ms, found 2 plugins.
Preloading 0 native plugins for Editor in 0.00 ms.
Unloading 52 Unused Serialized files (Serialized files now loaded: 0)
System memory in use before: 91.5 MB.
System memory in use after: 91.7 MB.

Unloading 52 unused Assets to reduce memory usage. Loaded Objects now: 4938.
Total: 14.936800 ms (FindLiveObjects: 0.663300 ms CreateObjectMapping: 0.317000 ms MarkObjects: 13.854500 ms  DeleteObjects: 0.100600 ms)

