Using pre-set license
Built from '2020.3/staging' branch; Version is '2020.3.11f1 (99c7afb366b3) revision 10078127'; Using compiler version '192528614'; Build Type 'Release'
OS: 'Windows 10 Home Single Language; OS build 19042.1110; Version 2009; 64bit' Language: 'en' Physical Memory: 8072 MB
BatchMode: 1, IsHumanControllingUs: 0, StartBugReporterOnCrash: 0, Is64bit: 1, IsPro: 0

 COMMAND LINE ARGUMENTS:
C:\Program Files\Unity\Hub\Editor\2020.3.11f1\Editor\Unity.exe
-adb2
-batchMode
-noUpm
-name
AssetImportWorker15
-projectPath
C:/Users/Ruchika Bhattacharje/Desktop/AR Project
-logFile
Logs/AssetImportWorker15.log
-srvPort
59292
Successfully changed project path to: C:/Users/Ruchika Bhattacharje/Desktop/AR Project
C:/Users/Ruchika Bhattacharje/Desktop/AR Project
Using Asset Import Pipeline V2.
Refreshing native plugins compatible for Editor in 99.09 ms, found 2 plugins.
Preloading 0 native plugins for Editor in 0.00 ms.
Initialize engine version: 2020.3.11f1 (99c7afb366b3)
[Subsystems] Discovering subsystems at path C:/Program Files/Unity/Hub/Editor/2020.3.11f1/Editor/Data/Resources/UnitySubsystems
[Subsystems] Discovering subsystems at path C:/Users/Ruchika Bhattacharje/Desktop/AR Project/Assets
GfxDevice: creating device client; threaded=0
Direct3D:
    Version:  Direct3D 11.0 [level 11.1]
    Renderer: NVIDIA GeForce GTX 1650 (ID=0x1f91)
    Vendor:   
    VRAM:     3962 MB
    Driver:   27.21.14.5749
Shader 'Universal Render Pipeline/Particles/Lit': fallback shader 'Universal Render Pipeline/Particles/SimpleLit' not found
Initialize mono
Mono path[0] = 'C:/Program Files/Unity/Hub/Editor/2020.3.11f1/Editor/Data/Managed'
Mono path[1] = 'C:/Program Files/Unity/Hub/Editor/2020.3.11f1/Editor/Data/MonoBleedingEdge/lib/mono/unityjit'
Mono config path = 'C:/Program Files/Unity/Hub/Editor/2020.3.11f1/Editor/Data/MonoBleedingEdge/etc'
Using monoOptions --debugger-agent=transport=dt_socket,embedding=1,server=y,suspend=n,address=127.0.0.1:56352
Begin MonoManager ReloadAssembly
Registering precompiled unity dll's ...
Register platform support module: C:/Program Files/Unity/Hub/Editor/2020.3.11f1/Editor/Data/PlaybackEngines/WebGLSupport/UnityEditor.WebGL.Extensions.dll
Register platform support module: C:/Program Files/Unity/Hub/Editor/2020.3.11f1/Editor/Data/PlaybackEngines/WindowsStandaloneSupport/UnityEditor.WindowsStandalone.Extensions.dll
Registered in 0.020699 seconds.
Native extension for WindowsStandalone target not found
Native extension for WebGL target not found
Refreshing native plugins compatible for Editor in 79.33 ms, found 2 plugins.
Preloading 0 native plugins for Editor in 0.00 ms.
Mono: successfully reloaded assembly
- Completed reload, in  2.116 seconds
Platform modules already initialized, skipping
Registering precompiled user dll's ...
Registered in 0.009071 seconds.
Begin MonoManager ReloadAssembly
Native extension for WindowsStandalone target not found
Native extension for WebGL target not found
Refreshing native plugins compatible for Editor in 79.24 ms, found 2 plugins.
Preloading 0 native plugins for Editor in 0.00 ms.
Mono: successfully reloaded assembly
- Completed reload, in 10.622 seconds
Platform modules already initialized, skipping
========================================================================
Worker process is ready to serve import requests
Shader 'Universal Render Pipeline/Particles/Lit': fallback shader 'Universal Render Pipeline/Particles/SimpleLit' not found
Launched and connected shader compiler UnityShaderCompiler.exe after 0.56 seconds
Refreshing native plugins compatible for Editor in 0.90 ms, found 2 plugins.
Preloading 0 native plugins for Editor in 0.00 ms.
Unloading 4420 Unused Serialized files (Serialized files now loaded: 0)
System memory in use before: 174.5 MB.
System memory in use after: 174.7 MB.

Unloading 66 unused Assets to reduce memory usage. Loaded Objects now: 4831.
Total: 6.682000 ms (FindLiveObjects: 0.389500 ms CreateObjectMapping: 0.177500 ms MarkObjects: 6.010500 ms  DeleteObjects: 0.103500 ms)

========================================================================
Received Import Request.
  path: Assets/Prefab/AR Plane.prefab
  artifactKey: Guid(bed5ad38b15967e4b8d6ac5d9f02eaec) Importer(815301076,1909f56bfc062723c751e8b465ee728b)
Start importing Assets/Prefab/AR Plane.prefab using Guid(bed5ad38b15967e4b8d6ac5d9f02eaec) Importer(815301076,1909f56bfc062723c751e8b465ee728b)  -> (artifact id: 'cb3b464e436d341cfa884b947c3147c1') in 0.286932 seconds
  Import took 0.319270 seconds .

========================================================================
Received Import Request.
  Time since last request: 139.493142 seconds.
  path: Assets/Prefab/AR Plane.prefab
  artifactKey: Guid(bed5ad38b15967e4b8d6ac5d9f02eaec) Importer(815301076,1909f56bfc062723c751e8b465ee728b)
Start importing Assets/Prefab/AR Plane.prefab using Guid(bed5ad38b15967e4b8d6ac5d9f02eaec) Importer(815301076,1909f56bfc062723c751e8b465ee728b)  -> (artifact id: '21ebe688dbf4bff2274175e8e7722d74') in 0.007013 seconds
  Import took 0.106600 seconds .

========================================================================
Received Import Request.
  Time since last request: 3.679214 seconds.
  path: Assets/Models/DiningTable/Materials/Table_TableMat_AlbedoTransparency.mat
  artifactKey: Guid(0fa0b5b11a8846148accfaa1c739edc8) Importer(815301076,1909f56bfc062723c751e8b465ee728b)
Start importing Assets/Models/DiningTable/Materials/Table_TableMat_AlbedoTransparency.mat using Guid(0fa0b5b11a8846148accfaa1c739edc8) Importer(815301076,1909f56bfc062723c751e8b465ee728b)  -> (artifact id: '88c72ad36ae226e867e814360d9c41a3') in 3.630756 seconds
  Import took 3.697551 seconds .

========================================================================
Received Import Request.
  Time since last request: 0.000296 seconds.
  path: Assets/Models/Vase/Materials/Vase_Diff.mat
  artifactKey: Guid(a690e1b72e3e07c449c68ff4ada17566) Importer(815301076,1909f56bfc062723c751e8b465ee728b)
Start importing Assets/Models/Vase/Materials/Vase_Diff.mat using Guid(a690e1b72e3e07c449c68ff4ada17566) Importer(815301076,1909f56bfc062723c751e8b465ee728b)  -> (artifact id: 'b5af0aaf5b2785607a4f7e85716589aa') in 0.192097 seconds
  Import took 0.238853 seconds .

========================================================================
Received Import Request.
  Time since last request: 0.000269 seconds.
  path: Assets/Models/WashingMAchine/Materials/wash-04.mat
  artifactKey: Guid(c37ade18a44705149854ba69d50258cb) Importer(815301076,1909f56bfc062723c751e8b465ee728b)
Start importing Assets/Models/WashingMAchine/Materials/wash-04.mat using Guid(c37ade18a44705149854ba69d50258cb) Importer(815301076,1909f56bfc062723c751e8b465ee728b)  -> (artifact id: 'ac0e32117aa0a8f98e48c721958083c9') in 0.076040 seconds
  Import took 0.084795 seconds .

========================================================================
Received Import Request.
  Time since last request: 2.427651 seconds.
  path: Assets/Prefab/AR Plane.prefab
  artifactKey: Guid(bed5ad38b15967e4b8d6ac5d9f02eaec) Importer(815301076,1909f56bfc062723c751e8b465ee728b)
Start importing Assets/Prefab/AR Plane.prefab using Guid(bed5ad38b15967e4b8d6ac5d9f02eaec) Importer(815301076,1909f56bfc062723c751e8b465ee728b)  -> (artifact id: '276f17c1dadec4e185ab6d18330babdd') in 0.012124 seconds
  Import took 0.083758 seconds .

========================================================================
Received Import Request.
  Time since last request: 140.527661 seconds.
  path: Assets/Prefab/DiningTableObject.prefab
  artifactKey: Guid(0f4538916d646d2459419f8071b8ea60) Importer(815301076,1909f56bfc062723c751e8b465ee728b)
Start importing Assets/Prefab/DiningTableObject.prefab using Guid(0f4538916d646d2459419f8071b8ea60) Importer(815301076,1909f56bfc062723c751e8b465ee728b)  -> (artifact id: 'f8a8bd8b525045a8ac514718f7e7964d') in 0.208532 seconds
  Import took 0.232214 seconds .

========================================================================
Received Import Request.
  Time since last request: 10.708749 seconds.
  path: Assets/Prefab/DiningTable_Chair.prefab
  artifactKey: Guid(4433724c47c48e54dbd70f675d510625) Importer(815301076,1909f56bfc062723c751e8b465ee728b)
Start importing Assets/Prefab/DiningTable_Chair.prefab using Guid(4433724c47c48e54dbd70f675d510625) Importer(815301076,1909f56bfc062723c751e8b465ee728b)  -> (artifact id: '37e8c467174d13936aed81af772c17fa') in 0.082355 seconds
  Import took 0.169944 seconds .

========================================================================
Received Import Request.
  Time since last request: 0.000275 seconds.
  path: Assets/Prefab/DiningTableObject.prefab
  artifactKey: Guid(0f4538916d646d2459419f8071b8ea60) Importer(815301076,1909f56bfc062723c751e8b465ee728b)
Start importing Assets/Prefab/DiningTableObject.prefab using Guid(0f4538916d646d2459419f8071b8ea60) Importer(815301076,1909f56bfc062723c751e8b465ee728b)  -> (artifact id: '99b608a8453bff85cd867b947d27c68b') in 0.069007 seconds
  Import took 0.098340 seconds .

========================================================================
Received Import Request.
  Time since last request: 35.288879 seconds.
  path: Assets/Prefab/DiningTable_Chair.prefab
  artifactKey: Guid(4433724c47c48e54dbd70f675d510625) Importer(815301076,1909f56bfc062723c751e8b465ee728b)
Start importing Assets/Prefab/DiningTable_Chair.prefab using Guid(4433724c47c48e54dbd70f675d510625) Importer(815301076,1909f56bfc062723c751e8b465ee728b)  -> (artifact id: '1c7ff33cdee8208abcfe4baff41a5a66') in 0.080911 seconds
  Import took 0.090745 seconds .

========================================================================
Received Import Request.
  Time since last request: 0.000569 seconds.
  path: Assets/Prefab/DiningTableObject.prefab
  artifactKey: Guid(0f4538916d646d2459419f8071b8ea60) Importer(815301076,1909f56bfc062723c751e8b465ee728b)
Start importing Assets/Prefab/DiningTableObject.prefab using Guid(0f4538916d646d2459419f8071b8ea60) Importer(815301076,1909f56bfc062723c751e8b465ee728b)  -> (artifact id: 'a856628662d6913705e70ded709511b7') in 0.080128 seconds
  Import took 0.097623 seconds .

========================================================================
Received Import Request.
  Time since last request: 38.821338 seconds.
  path: Assets/Prefab/DiningTable_Chair.prefab
  artifactKey: Guid(4433724c47c48e54dbd70f675d510625) Importer(815301076,1909f56bfc062723c751e8b465ee728b)
Start importing Assets/Prefab/DiningTable_Chair.prefab using Guid(4433724c47c48e54dbd70f675d510625) Importer(815301076,1909f56bfc062723c751e8b465ee728b)  -> (artifact id: '79ce71164e2cf958ceac3da6ab31be25') in 0.071793 seconds
  Import took 0.133586 seconds .

========================================================================
Received Import Request.
  Time since last request: 0.000336 seconds.
  path: Assets/Prefab/DiningTableObject.prefab
  artifactKey: Guid(0f4538916d646d2459419f8071b8ea60) Importer(815301076,1909f56bfc062723c751e8b465ee728b)
Start importing Assets/Prefab/DiningTableObject.prefab using Guid(0f4538916d646d2459419f8071b8ea60) Importer(815301076,1909f56bfc062723c751e8b465ee728b)  -> (artifact id: 'ab7b11524e9031337ada113e9e8e4fcf') in 0.076316 seconds
  Import took 0.083191 seconds .

========================================================================
Received Prepare
Shader 'Universal Render Pipeline/Particles/Lit': fallback shader 'Universal Render Pipeline/Particles/SimpleLit' not found
Refreshing native plugins compatible for Editor in 8099.89 ms, found 2 plugins.
Preloading 0 native plugins for Editor in 0.00 ms.
Unloading 52 Unused Serialized files (Serialized files now loaded: 0)
System memory in use before: 91.3 MB.
System memory in use after: 91.5 MB.

Unloading 52 unused Assets to reduce memory usage. Loaded Objects now: 4937.
Total: 7.822300 ms (FindLiveObjects: 0.702400 ms CreateObjectMapping: 0.232500 ms MarkObjects: 6.791700 ms  DeleteObjects: 0.094200 ms)

